<?xml version="1.0" encoding="UTF-8"?>
<!-- Generated by org.testng.reporters.JUnitReportReporter -->
<testsuite hostname="DESKTOP-G7OM2A0" failures="0" tests="3" name="testcase.CheckCalculations" time="18.472" errors="0" timestamp="2022-09-05T12:11:57 CEST" skipped="0">
  <testcase classname="testcase.CheckCalculations" name="checkItalyCalculations" time="6.320"/>
  <system-out/>
  <testcase classname="testcase.CheckCalculations" name="checkFranceCalculations" time="8.157"/>
  <system-out/>
  <testcase classname="testcase.CheckCalculations" name="checkUKCalculations" time="3.995"/>
  <system-out/>
</testsuite> <!-- testcase.CheckCalculations -->
