<?xml version="1.0" encoding="UTF-8"?>
<!-- Generated by org.testng.reporters.JUnitReportReporter -->
<testsuite hostname="DESKTOP-G7OM2A0" failures="0" tests="3" name="testcase.VatRatesAvailable" time="7.338" errors="0" timestamp="2022-09-05T12:11:57 CEST" skipped="0">
  <testcase classname="testcase.VatRatesAvailable" name="checkItalyVATrates" time="2.784"/>
  <system-out/>
  <testcase classname="testcase.VatRatesAvailable" name="checkUKVATrates" time="1.779"/>
  <system-out/>
  <testcase classname="testcase.VatRatesAvailable" name="checkFranceVATrates" time="2.775"/>
  <system-out/>
</testsuite> <!-- testcase.VatRatesAvailable -->
