<?xml version="1.0" encoding="UTF-8"?>
<!-- Generated by org.testng.reporters.JUnitReportReporter -->
<testsuite hostname="DESKTOP-G7OM2A0" failures="0" tests="3" name="testcase.CheckCalculations" time="19.174" errors="0" timestamp="2022-09-23T19:37:59 CEST" skipped="0">
  <testcase classname="testcase.CheckCalculations" name="checkUKCalculations" time="4.112"/>
  <system-out/>
  <testcase classname="testcase.CheckCalculations" name="checkFranceCalculations" time="8.247"/>
  <system-out/>
  <testcase classname="testcase.CheckCalculations" name="checkItalyCalculations" time="6.815"/>
  <system-out/>
</testsuite> <!-- testcase.CheckCalculations -->
