<?xml version="1.0" encoding="UTF-8"?>
<!-- Generated by org.testng.reporters.JUnitReportReporter -->
<testsuite hostname="DESKTOP-G7OM2A0" failures="0" tests="3" name="testcase.VatRatesAvailable" time="5.910" errors="0" timestamp="2022-09-10T14:20:29 CEST" skipped="0">
  <testcase classname="testcase.VatRatesAvailable" name="checkUKVATrates" time="1.306"/>
  <system-out/>
  <testcase classname="testcase.VatRatesAvailable" name="checkFranceVATrates" time="3.154"/>
  <system-out/>
  <testcase classname="testcase.VatRatesAvailable" name="checkItalyVATrates" time="1.450"/>
  <system-out/>
</testsuite> <!-- testcase.VatRatesAvailable -->
