<?xml version="1.0" encoding="UTF-8"?>
<!-- Generated by org.testng.reporters.JUnitReportReporter -->
<testsuite hostname="DESKTOP-G7OM2A0" failures="0" tests="3" name="testcase.VatRatesAvailable" time="8.625" errors="0" timestamp="2022-09-25T16:28:20 CEST" skipped="0">
  <testcase classname="testcase.VatRatesAvailable" name="checkItalyVATrates" time="2.439"/>
  <system-out/>
  <testcase classname="testcase.VatRatesAvailable" name="checkUKVATrates" time="1.748"/>
  <system-out/>
  <testcase classname="testcase.VatRatesAvailable" name="checkFranceVATrates" time="4.438"/>
  <system-out/>
</testsuite> <!-- testcase.VatRatesAvailable -->
