<?xml version="1.0" encoding="UTF-8"?>
<!-- Generated by org.testng.reporters.JUnitReportReporter -->
<testsuite hostname="DESKTOP-G7OM2A0" failures="0" tests="3" name="testcase.CheckCalculations" time="16.956" errors="0" timestamp="2022-09-25T16:28:20 CEST" skipped="0">
  <testcase classname="testcase.CheckCalculations" name="checkItalyCalculations" time="6.302"/>
  <system-out/>
  <testcase classname="testcase.CheckCalculations" name="checkFranceCalculations" time="6.687"/>
  <system-out/>
  <testcase classname="testcase.CheckCalculations" name="checkUKCalculations" time="3.967"/>
  <system-out/>
</testsuite> <!-- testcase.CheckCalculations -->
