<?xml version="1.0" encoding="UTF-8"?>
<!-- Generated by org.testng.reporters.JUnitReportReporter -->
<testsuite hostname="DESKTOP-G7OM2A0" failures="0" tests="6" name="testcase.TestCases" time="7.762" errors="0" timestamp="2022-09-04T16:24:23 CEST" skipped="0">
  <testcase classname="testcase.TestCases" name="checkFranceVATrates" time="0.549"/>
  <system-out/>
  <testcase classname="testcase.TestCases" name="checkFranceCalculation_VATrate20" time="2.455"/>
  <system-out/>
  <testcase classname="testcase.TestCases" name="checkUKCalculation_VATrate" time="1.425"/>
  <system-out/>
  <testcase classname="testcase.TestCases" name="checkItalyVATrates" time="0.505"/>
  <system-out/>
  <testcase classname="testcase.TestCases" name="checkItalyCalculation_VATrate22" time="2.542"/>
  <system-out/>
  <testcase classname="testcase.TestCases" name="checkUKVATrates" time="0.286"/>
  <system-out/>
</testsuite> <!-- testcase.TestCases -->
