<?xml version="1.0" encoding="UTF-8"?>
<!-- Generated by org.testng.reporters.JUnitReportReporter -->
<testsuite hostname="DESKTOP-G7OM2A0" failures="0" tests="3" name="testcase.FirstTest" time="6.494" errors="0" timestamp="2022-09-03T15:43:25 CEST" skipped="0">
  <testcase classname="testcase.FirstTest" name="selectItaly" time="1.805"/>
  <system-out/>
  <testcase classname="testcase.FirstTest" name="selectUK" time="1.323"/>
  <system-out/>
  <testcase classname="testcase.FirstTest" name="selectFrance" time="3.366"/>
  <system-out/>
</testsuite> <!-- testcase.FirstTest -->
