<?xml version="1.0" encoding="UTF-8"?>
<!-- Generated by org.testng.reporters.JUnitReportReporter -->
<testsuite hostname="DESKTOP-G7OM2A0" failures="0" tests="1" name="testcase.FillNetPrice" time="5.984" errors="0" timestamp="2022-09-04T21:27:03 CEST" skipped="0">
  <testcase classname="testcase.FillNetPrice" name="checkFranceCalculations" time="5.984"/>
  <system-out/>
</testsuite> <!-- testcase.FillNetPrice -->
